<?xml version="1.0" encoding="UTF-8"?>
<!-- Generated by org.testng.reporters.JUnitXMLReporter -->
<testsuite hostname="ashish" ignored="0" name="Default test" tests="3" failures="0" timestamp="2020-01-03T00:42:08 IST" time="37.622" errors="0">
  <testcase name="loginData" time="4.123" classname="com.technocredits.LoginTest"/>
  <testcase name="loginData" time="1.426" classname="com.technocredits.LoginTest"/>
  <testcase name="loginData" time="1.515" classname="com.technocredits.LoginTest"/>
</testsuite> <!-- Default test -->
